Determining if the pthread_create exist failed with the following output:
Change Dir: /home/hidehisa/hobby/LinuxProgramming/server/cmake-build-debug/CMakeFiles/CMakeTmp

Run Build Command:"/usr/bin/make" "cmTC_9148d/fast"
/usr/bin/make -f CMakeFiles/cmTC_9148d.dir/build.make CMakeFiles/cmTC_9148d.dir/build
make[1]: ディレクトリ '/home/hidehisa/hobby/LinuxProgramming/server/cmake-build-debug/CMakeFiles/CMakeTmp' に入ります
Building C object CMakeFiles/cmTC_9148d.dir/CheckSymbolExists.c.o
/usr/bin/cc   -std=gnu11 -o CMakeFiles/cmTC_9148d.dir/CheckSymbolExists.c.o   -c /home/hidehisa/hobby/LinuxProgramming/server/cmake-build-debug/CMakeFiles/CMakeTmp/CheckSymbolExists.c
Linking C executable cmTC_9148d
/home/hidehisa/langs/clion-2018.1.3/bin/cmake/bin/cmake -E cmake_link_script CMakeFiles/cmTC_9148d.dir/link.txt --verbose=1
/usr/bin/cc      CMakeFiles/cmTC_9148d.dir/CheckSymbolExists.c.o  -o cmTC_9148d 
CMakeFiles/cmTC_9148d.dir/CheckSymbolExists.c.o: 関数 `main' 内:
CheckSymbolExists.c:(.text+0x16): `pthread_create' に対する定義されていない参照です
collect2: error: ld returned 1 exit status
CMakeFiles/cmTC_9148d.dir/build.make:97: ターゲット 'cmTC_9148d' のレシピで失敗しました
make[1]: *** [cmTC_9148d] エラー 1
make[1]: ディレクトリ '/home/hidehisa/hobby/LinuxProgramming/server/cmake-build-debug/CMakeFiles/CMakeTmp' から出ます
Makefile:126: ターゲット 'cmTC_9148d/fast' のレシピで失敗しました
make: *** [cmTC_9148d/fast] エラー 2

File /home/hidehisa/hobby/LinuxProgramming/server/cmake-build-debug/CMakeFiles/CMakeTmp/CheckSymbolExists.c:
/* */
#include <pthread.h>

int main(int argc, char** argv)
{
  (void)argv;
#ifndef pthread_create
  return ((int*)(&pthread_create))[argc];
#else
  (void)argc;
  return 0;
#endif
}

Determining if the function pthread_create exists in the pthreads failed with the following output:
Change Dir: /home/hidehisa/hobby/LinuxProgramming/server/cmake-build-debug/CMakeFiles/CMakeTmp

Run Build Command:"/usr/bin/make" "cmTC_5e189/fast"
/usr/bin/make -f CMakeFiles/cmTC_5e189.dir/build.make CMakeFiles/cmTC_5e189.dir/build
make[1]: ディレクトリ '/home/hidehisa/hobby/LinuxProgramming/server/cmake-build-debug/CMakeFiles/CMakeTmp' に入ります
Building C object CMakeFiles/cmTC_5e189.dir/CheckFunctionExists.c.o
/usr/bin/cc   -DCHECK_FUNCTION_EXISTS=pthread_create   -std=gnu11 -o CMakeFiles/cmTC_5e189.dir/CheckFunctionExists.c.o   -c /home/hidehisa/langs/clion-2018.1.3/bin/cmake/share/cmake-3.10/Modules/CheckFunctionExists.c
Linking C executable cmTC_5e189
/home/hidehisa/langs/clion-2018.1.3/bin/cmake/bin/cmake -E cmake_link_script CMakeFiles/cmTC_5e189.dir/link.txt --verbose=1
/usr/bin/cc  -DCHECK_FUNCTION_EXISTS=pthread_create    CMakeFiles/cmTC_5e189.dir/CheckFunctionExists.c.o  -o cmTC_5e189 -lpthreads 
/usr/bin/ld: -lpthreads が見つかりません
collect2: error: ld returned 1 exit status
CMakeFiles/cmTC_5e189.dir/build.make:97: ターゲット 'cmTC_5e189' のレシピで失敗しました
make[1]: *** [cmTC_5e189] エラー 1
make[1]: ディレクトリ '/home/hidehisa/hobby/LinuxProgramming/server/cmake-build-debug/CMakeFiles/CMakeTmp' から出ます
Makefile:126: ターゲット 'cmTC_5e189/fast' のレシピで失敗しました
make: *** [cmTC_5e189/fast] エラー 2


