Determining if the pthread_create exist failed with the following output:
Change Dir: /home/hidehisa/hobby/LinuxProgramming/server_thread/cmake-build-debug/CMakeFiles/CMakeTmp

Run Build Command:"/usr/bin/make" "cmTC_837e8/fast"
make[1]: ディレクトリ '/home/hidehisa/hobby/LinuxProgramming/server_thread/cmake-build-debug/CMakeFiles/CMakeTmp' に入ります
/usr/bin/make -f CMakeFiles/cmTC_837e8.dir/build.make CMakeFiles/cmTC_837e8.dir/build
make[2]: ディレクトリ '/home/hidehisa/hobby/LinuxProgramming/server_thread/cmake-build-debug/CMakeFiles/CMakeTmp' に入ります
Building C object CMakeFiles/cmTC_837e8.dir/CheckSymbolExists.c.o
/usr/bin/cc   -std=gnu11 -o CMakeFiles/cmTC_837e8.dir/CheckSymbolExists.c.o   -c /home/hidehisa/hobby/LinuxProgramming/server_thread/cmake-build-debug/CMakeFiles/CMakeTmp/CheckSymbolExists.c
Linking C executable cmTC_837e8
/home/hidehisa/langs/clion-2018.1.3/bin/cmake/bin/cmake -E cmake_link_script CMakeFiles/cmTC_837e8.dir/link.txt --verbose=1
/usr/bin/cc      CMakeFiles/cmTC_837e8.dir/CheckSymbolExists.c.o  -o cmTC_837e8 
CMakeFiles/cmTC_837e8.dir/CheckSymbolExists.c.o: 関数 `main' 内:
CheckSymbolExists.c:(.text+0x16): `pthread_create' に対する定義されていない参照です
collect2: error: ld returned 1 exit status
CMakeFiles/cmTC_837e8.dir/build.make:97: ターゲット 'cmTC_837e8' のレシピで失敗しました
make[2]: *** [cmTC_837e8] エラー 1
make[2]: ディレクトリ '/home/hidehisa/hobby/LinuxProgramming/server_thread/cmake-build-debug/CMakeFiles/CMakeTmp' から出ます
Makefile:126: ターゲット 'cmTC_837e8/fast' のレシピで失敗しました
make[1]: *** [cmTC_837e8/fast] エラー 2
make[1]: ディレクトリ '/home/hidehisa/hobby/LinuxProgramming/server_thread/cmake-build-debug/CMakeFiles/CMakeTmp' から出ます

File /home/hidehisa/hobby/LinuxProgramming/server_thread/cmake-build-debug/CMakeFiles/CMakeTmp/CheckSymbolExists.c:
/* */
#include <pthread.h>

int main(int argc, char** argv)
{
  (void)argv;
#ifndef pthread_create
  return ((int*)(&pthread_create))[argc];
#else
  (void)argc;
  return 0;
#endif
}

Determining if the function pthread_create exists in the pthreads failed with the following output:
Change Dir: /home/hidehisa/hobby/LinuxProgramming/server_thread/cmake-build-debug/CMakeFiles/CMakeTmp

Run Build Command:"/usr/bin/make" "cmTC_c6db3/fast"
make[1]: ディレクトリ '/home/hidehisa/hobby/LinuxProgramming/server_thread/cmake-build-debug/CMakeFiles/CMakeTmp' に入ります
/usr/bin/make -f CMakeFiles/cmTC_c6db3.dir/build.make CMakeFiles/cmTC_c6db3.dir/build
make[2]: ディレクトリ '/home/hidehisa/hobby/LinuxProgramming/server_thread/cmake-build-debug/CMakeFiles/CMakeTmp' に入ります
Building C object CMakeFiles/cmTC_c6db3.dir/CheckFunctionExists.c.o
/usr/bin/cc   -DCHECK_FUNCTION_EXISTS=pthread_create   -std=gnu11 -o CMakeFiles/cmTC_c6db3.dir/CheckFunctionExists.c.o   -c /home/hidehisa/langs/clion-2018.1.3/bin/cmake/share/cmake-3.10/Modules/CheckFunctionExists.c
Linking C executable cmTC_c6db3
/home/hidehisa/langs/clion-2018.1.3/bin/cmake/bin/cmake -E cmake_link_script CMakeFiles/cmTC_c6db3.dir/link.txt --verbose=1
/usr/bin/cc  -DCHECK_FUNCTION_EXISTS=pthread_create    CMakeFiles/cmTC_c6db3.dir/CheckFunctionExists.c.o  -o cmTC_c6db3 -lpthreads 
/usr/bin/ld: -lpthreads が見つかりません
collect2: error: ld returned 1 exit status
CMakeFiles/cmTC_c6db3.dir/build.make:97: ターゲット 'cmTC_c6db3' のレシピで失敗しました
make[2]: *** [cmTC_c6db3] エラー 1
make[2]: ディレクトリ '/home/hidehisa/hobby/LinuxProgramming/server_thread/cmake-build-debug/CMakeFiles/CMakeTmp' から出ます
Makefile:126: ターゲット 'cmTC_c6db3/fast' のレシピで失敗しました
make[1]: *** [cmTC_c6db3/fast] エラー 2
make[1]: ディレクトリ '/home/hidehisa/hobby/LinuxProgramming/server_thread/cmake-build-debug/CMakeFiles/CMakeTmp' から出ます


